
        ************************************************** 
        *****      Prediction for BIW RoofCrush      ***** 
        *****             SUNGHUN, CHANG             ***** 
        *****       TensorFlow version : 1.7.0       ***** 
        ************************************************** 
                  RUN DATE : 2018-06-02 19:46:38


        ** Default PATH : ./
        ** TRAIN : ./dataset\20180430_RC_Populated_DATA_Isolated_Train_Random.csv
        ** TEST : ./dataset\IsolatedTEST_20180430_Random.csv

         -- Number of DNN Models     : 4
         -- Number of Train Epoch    : 1
         -- Train DATA Batch Size    : 32
         -- Train DATA Shuffle Count : 256
         -- Check Point File Count   : 10
         -- Check Point Saving / Custom Logging Every 1000 Steps
         -- Display Weight and Bias  : True


MODEL #1 TRAINING IS DONE NORMALLY
MODEL #2 TRAINING IS DONE NORMALLY
MODEL #3 TRAINING IS DONE NORMALLY
MODEL #4 TRAINING IS DONE NORMALLY

*********************************
Evaluation results of 1st MODEL
   loss ---> 7.8550310134887695
   accuracy ---> 1.0
   rmse ---> 2.802682876586914
   global_step ---> 12
*********************************

*********************************
Evaluation results of 1st MODEL
   loss ---> 8.375514030456543
   accuracy ---> 1.0
   rmse ---> 2.894047975540161
   global_step ---> 12
*********************************

*********************************
Evaluation results of 1st MODEL
   loss ---> 19.775001525878906
   accuracy ---> 1.0
   rmse ---> 4.446909427642822
   global_step ---> 12
*********************************

*********************************
Evaluation results of 1st MODEL
   loss ---> 5.641931533813477
   accuracy ---> 1.0
   rmse ---> 2.375275135040283
   global_step ---> 12
*********************************

 ***** Prediction on test file ***** 
 *****        1st MODEL        ***** 
1	SMALL	2.0	3.1	2.2	2.2	3.2	3.1	3.8	3.8	0.6	3.8	4.6	7.8	 Index ---> 0.18
2	SMALL	3.9	2.9	6.2	4.2	4.2	6.0	5.1	5.1	6.8	4.6	5.7	11.9	 Index ---> 0.25
3	RV   	5.9	5.4	5.5	6.2	5.6	7.2	8.0	6.8	3.7	4.8	9.3	12.3	 Index ---> 0.73
4	SMALL	5.8	5.0	5.3	5.4	5.1	5.1	7.5	8.8	2.9	8.4	9.4	10.6	 Index ---> 0.48
5	RV   	11.1	10.1	10.5	12.7	12.6	19.1	12.8	3.7	4.1	6.7	9.1	13.2	 Index ---> 1.21
6	MID  	2.8	2.2	5.4	4.7	5.1	4.1	4.9	5.8	1.6	5.7	8.4	11.5	 Index ---> 0.42
7	MID  	21.8	8.4	10.1	10.9	6.3	6.3	8.1	8.1	2.0	11.2	12.3	24.4	 Index ---> 0.76
8	SMALL	3.3	2.6	4.6	4.3	4.6	4.6	5.5	5.6	0.5	4.9	7.0	12.3	 Index ---> 0.40
9	RV   	5.1	3.0	4.0	3.6	2.6	3.5	3.7	4.0	2.9	3.6	7.6	12.1	 Index ---> 0.38
10	RV   	5.4	4.7	4.7	4.1	4.6	6.6	5.0	5.8	6.4	6.2	7.7	13.2	 Index ---> 0.47
11	RV   	10.9	9.9	10.7	13.0	12.5	19.5	12.9	3.8	4.2	6.6	9.1	13.1	 Index ---> 1.23
12	RV   	5.3	4.9	6.7	5.6	4.2	7.8	9.4	8.0	3.8	5.7	5.9	10.2	 Index ---> 0.57
13	MID  	4.3	3.9	7.1	5.9	6.9	5.6	7.0	7.9	7.0	10.1	11.4	14.1	 Index ---> 0.30
14	SMALL	3.2	2.7	4.4	4.5	4.6	4.7	5.5	5.6	0.5	4.9	6.9	12.5	 Index ---> 0.37
15	RV   	5.7	6.0	6.4	8.0	7.6	13.1	14.1	3.4	2.7	3.8	4.2	9.8	 Index ---> 0.94
16	MID  	3.7	4.2	4.1	3.7	3.9	4.0	4.5	3.8	3.6	6.0	6.0	8.3	 Index ---> 0.17
17	RV   	3.8	2.9	2.9	3.8	4.5	6.5	8.4	4.6	2.5	4.2	4.6	8.0	 Index ---> 0.44
18	RV   	5.4	5.0	6.8	5.6	4.1	7.7	9.6	7.9	3.9	5.6	5.9	10.5	 Index ---> 0.56
19	RV   	3.7	2.9	2.9	3.8	4.5	6.5	8.3	4.6	2.4	4.2	4.5	8.2	 Index ---> 0.44
20	MID  	6.2	6.0	10.2	4.9	6.3	5.5	8.9	6.8	2.1	7.3	12.7	19.1	 Index ---> 0.56
21	RV   	5.4	4.9	6.8	5.7	4.0	7.5	9.6	7.9	3.9	5.7	5.8	10.6	 Index ---> 0.55
22	RV   	5.3	3.1	4.2	3.6	2.6	3.5	3.7	4.1	2.9	3.6	7.4	11.9	 Index ---> 0.38
23	RV   	5.6	5.3	5.5	6.4	5.4	7.3	8.3	6.9	3.7	4.9	9.1	12.6	 Index ---> 0.71
24	RV   	5.2	3.1	4.2	3.6	2.6	3.6	3.9	4.0	2.9	3.7	7.5	11.8	 Index ---> 0.39
25	MID  	7.5	5.6	5.6	5.5	4.1	6.9	5.7	6.9	1.8	5.3	6.7	13.1	 Index ---> 0.76
26	MID  	2.8	2.1	5.4	4.8	4.9	4.2	5.1	5.9	1.6	5.8	8.3	11.6	 Index ---> 0.42
27	RV   	9.9	11.6	13.2	24.8	5.0	1.7	2.2	2.1	2.1	6.4	9.0	12.7	 Index ---> 0.10
28	RV   	6.3	4.1	4.9	4.8	3.3	3.6	5.0	4.8	1.8	3.9	5.7	8.4	 Index ---> 0.40
29	MID  	5.5	5.0	7.3	7.7	5.7	7.7	9.9	6.3	2.1	8.0	11.1	15.1	 Index ---> 0.60
30	SMALL	6.6	5.0	5.1	5.9	5.0	5.0	20.3	8.3	3.2	7.9	10.4	16.8	 Index ---> 0.86
31	RV   	10.9	10.1	10.6	12.8	12.8	19.2	13.1	3.7	4.1	6.7	9.2	13.1	 Index ---> 1.23

 ***** Prediction on test file ***** 
 *****        2st MODEL        ***** 
1	SMALL	2.0	3.1	2.2	2.2	3.2	3.1	3.8	3.8	0.6	3.8	4.6	7.8	 Index ---> 0.42
2	SMALL	3.9	2.9	6.2	4.2	4.2	6.0	5.1	5.1	6.8	4.6	5.7	11.9	 Index ---> 0.28
3	RV   	5.9	5.4	5.5	6.2	5.6	7.2	8.0	6.8	3.7	4.8	9.3	12.3	 Index ---> 0.42
4	SMALL	5.8	5.0	5.3	5.4	5.1	5.1	7.5	8.8	2.9	8.4	9.4	10.6	 Index ---> 1.17
5	RV   	11.1	10.1	10.5	12.7	12.6	19.1	12.8	3.7	4.1	6.7	9.1	13.2	 Index ---> -0.62
6	MID  	2.8	2.2	5.4	4.7	5.1	4.1	4.9	5.8	1.6	5.7	8.4	11.5	 Index ---> 0.67
7	MID  	21.8	8.4	10.1	10.9	6.3	6.3	8.1	8.1	2.0	11.2	12.3	24.4	 Index ---> 0.81
8	SMALL	3.3	2.6	4.6	4.3	4.6	4.6	5.5	5.6	0.5	4.9	7.0	12.3	 Index ---> 0.59
9	RV   	5.1	3.0	4.0	3.6	2.6	3.5	3.7	4.0	2.9	3.6	7.6	12.1	 Index ---> 0.33
10	RV   	5.4	4.7	4.7	4.1	4.6	6.6	5.0	5.8	6.4	6.2	7.7	13.2	 Index ---> 0.53
11	RV   	10.9	9.9	10.7	13.0	12.5	19.5	12.9	3.8	4.2	6.6	9.1	13.1	 Index ---> -0.64
12	RV   	5.3	4.9	6.7	5.6	4.2	7.8	9.4	8.0	3.8	5.7	5.9	10.2	 Index ---> 0.78
13	MID  	4.3	3.9	7.1	5.9	6.9	5.6	7.0	7.9	7.0	10.1	11.4	14.1	 Index ---> 1.02
14	SMALL	3.2	2.7	4.4	4.5	4.6	4.7	5.5	5.6	0.5	4.9	6.9	12.5	 Index ---> 0.57
15	RV   	5.7	6.0	6.4	8.0	7.6	13.1	14.1	3.4	2.7	3.8	4.2	9.8	 Index ---> -0.00
16	MID  	3.7	4.2	4.1	3.7	3.9	4.0	4.5	3.8	3.6	6.0	6.0	8.3	 Index ---> 0.38
17	RV   	3.8	2.9	2.9	3.8	4.5	6.5	8.4	4.6	2.5	4.2	4.6	8.0	 Index ---> 0.62
18	RV   	5.4	5.0	6.8	5.6	4.1	7.7	9.6	7.9	3.9	5.6	5.9	10.5	 Index ---> 0.80
19	RV   	3.7	2.9	2.9	3.8	4.5	6.5	8.3	4.6	2.4	4.2	4.5	8.2	 Index ---> 0.61
20	MID  	6.2	6.0	10.2	4.9	6.3	5.5	8.9	6.8	2.1	7.3	12.7	19.1	 Index ---> 0.70
21	RV   	5.4	4.9	6.8	5.7	4.0	7.5	9.6	7.9	3.9	5.7	5.8	10.6	 Index ---> 0.82
22	RV   	5.3	3.1	4.2	3.6	2.6	3.5	3.7	4.1	2.9	3.6	7.4	11.9	 Index ---> 0.32
23	RV   	5.6	5.3	5.5	6.4	5.4	7.3	8.3	6.9	3.7	4.9	9.1	12.6	 Index ---> 0.45
24	RV   	5.2	3.1	4.2	3.6	2.6	3.6	3.9	4.0	2.9	3.7	7.5	11.8	 Index ---> 0.34
25	MID  	7.5	5.6	5.6	5.5	4.1	6.9	5.7	6.9	1.8	5.3	6.7	13.1	 Index ---> 0.54
26	MID  	2.8	2.1	5.4	4.8	4.9	4.2	5.1	5.9	1.6	5.8	8.3	11.6	 Index ---> 0.70
27	RV   	9.9	11.6	13.2	24.8	5.0	1.7	2.2	2.1	2.1	6.4	9.0	12.7	 Index ---> -0.58
28	RV   	6.3	4.1	4.9	4.8	3.3	3.6	5.0	4.8	1.8	3.9	5.7	8.4	 Index ---> 0.28
29	MID  	5.5	5.0	7.3	7.7	5.7	7.7	9.9	6.3	2.1	8.0	11.1	15.1	 Index ---> 0.97
30	SMALL	6.6	5.0	5.1	5.9	5.0	5.0	20.3	8.3	3.2	7.9	10.4	16.8	 Index ---> 2.74
31	RV   	10.9	10.1	10.6	12.8	12.8	19.2	13.1	3.7	4.1	6.7	9.2	13.1	 Index ---> -0.60

 ***** Prediction on test file ***** 
 *****        3st MODEL        ***** 
1	SMALL	2.0	3.1	2.2	2.2	3.2	3.1	3.8	3.8	0.6	3.8	4.6	7.8	 Index ---> -0.23
2	SMALL	3.9	2.9	6.2	4.2	4.2	6.0	5.1	5.1	6.8	4.6	5.7	11.9	 Index ---> -0.94
3	RV   	5.9	5.4	5.5	6.2	5.6	7.2	8.0	6.8	3.7	4.8	9.3	12.3	 Index ---> -0.98
4	SMALL	5.8	5.0	5.3	5.4	5.1	5.1	7.5	8.8	2.9	8.4	9.4	10.6	 Index ---> -1.00
5	RV   	11.1	10.1	10.5	12.7	12.6	19.1	12.8	3.7	4.1	6.7	9.1	13.2	 Index ---> -1.98
6	MID  	2.8	2.2	5.4	4.7	5.1	4.1	4.9	5.8	1.6	5.7	8.4	11.5	 Index ---> -0.68
7	MID  	21.8	8.4	10.1	10.9	6.3	6.3	8.1	8.1	2.0	11.2	12.3	24.4	 Index ---> -2.97
8	SMALL	3.3	2.6	4.6	4.3	4.6	4.6	5.5	5.6	0.5	4.9	7.0	12.3	 Index ---> -0.51
9	RV   	5.1	3.0	4.0	3.6	2.6	3.5	3.7	4.0	2.9	3.6	7.6	12.1	 Index ---> -0.62
10	RV   	5.4	4.7	4.7	4.1	4.6	6.6	5.0	5.8	6.4	6.2	7.7	13.2	 Index ---> -1.32
11	RV   	10.9	9.9	10.7	13.0	12.5	19.5	12.9	3.8	4.2	6.6	9.1	13.1	 Index ---> -1.98
12	RV   	5.3	4.9	6.7	5.6	4.2	7.8	9.4	8.0	3.8	5.7	5.9	10.2	 Index ---> -0.96
13	MID  	4.3	3.9	7.1	5.9	6.9	5.6	7.0	7.9	7.0	10.1	11.4	14.1	 Index ---> -1.41
14	SMALL	3.2	2.7	4.4	4.5	4.6	4.7	5.5	5.6	0.5	4.9	6.9	12.5	 Index ---> -0.51
15	RV   	5.7	6.0	6.4	8.0	7.6	13.1	14.1	3.4	2.7	3.8	4.2	9.8	 Index ---> -1.69
16	MID  	3.7	4.2	4.1	3.7	3.9	4.0	4.5	3.8	3.6	6.0	6.0	8.3	 Index ---> -0.80
17	RV   	3.8	2.9	2.9	3.8	4.5	6.5	8.4	4.6	2.5	4.2	4.6	8.0	 Index ---> -1.03
18	RV   	5.4	5.0	6.8	5.6	4.1	7.7	9.6	7.9	3.9	5.6	5.9	10.5	 Index ---> -0.96
19	RV   	3.7	2.9	2.9	3.8	4.5	6.5	8.3	4.6	2.4	4.2	4.5	8.2	 Index ---> -1.03
20	MID  	6.2	6.0	10.2	4.9	6.3	5.5	8.9	6.8	2.1	7.3	12.7	19.1	 Index ---> -1.04
21	RV   	5.4	4.9	6.8	5.7	4.0	7.5	9.6	7.9	3.9	5.7	5.8	10.6	 Index ---> -0.97
22	RV   	5.3	3.1	4.2	3.6	2.6	3.5	3.7	4.1	2.9	3.6	7.4	11.9	 Index ---> -0.63
23	RV   	5.6	5.3	5.5	6.4	5.4	7.3	8.3	6.9	3.7	4.9	9.1	12.6	 Index ---> -0.99
24	RV   	5.2	3.1	4.2	3.6	2.6	3.6	3.9	4.0	2.9	3.7	7.5	11.8	 Index ---> -0.64
25	MID  	7.5	5.6	5.6	5.5	4.1	6.9	5.7	6.9	1.8	5.3	6.7	13.1	 Index ---> -1.25
26	MID  	2.8	2.1	5.4	4.8	4.9	4.2	5.1	5.9	1.6	5.8	8.3	11.6	 Index ---> -0.71
27	RV   	9.9	11.6	13.2	24.8	5.0	1.7	2.2	2.1	2.1	6.4	9.0	12.7	 Index ---> 0.15
28	RV   	6.3	4.1	4.9	4.8	3.3	3.6	5.0	4.8	1.8	3.9	5.7	8.4	 Index ---> -0.56
29	MID  	5.5	5.0	7.3	7.7	5.7	7.7	9.9	6.3	2.1	8.0	11.1	15.1	 Index ---> -1.13
30	SMALL	6.6	5.0	5.1	5.9	5.0	5.0	20.3	8.3	3.2	7.9	10.4	16.8	 Index ---> -1.67
31	RV   	10.9	10.1	10.6	12.8	12.8	19.2	13.1	3.7	4.1	6.7	9.2	13.1	 Index ---> -1.98

 ***** Prediction on test file ***** 
 *****        4st MODEL        ***** 
1	SMALL	2.0	3.1	2.2	2.2	3.2	3.1	3.8	3.8	0.6	3.8	4.6	7.8	 Index ---> 0.58
2	SMALL	3.9	2.9	6.2	4.2	4.2	6.0	5.1	5.1	6.8	4.6	5.7	11.9	 Index ---> 0.93
3	RV   	5.9	5.4	5.5	6.2	5.6	7.2	8.0	6.8	3.7	4.8	9.3	12.3	 Index ---> 1.03
4	SMALL	5.8	5.0	5.3	5.4	5.1	5.1	7.5	8.8	2.9	8.4	9.4	10.6	 Index ---> 0.90
5	RV   	11.1	10.1	10.5	12.7	12.6	19.1	12.8	3.7	4.1	6.7	9.1	13.2	 Index ---> 1.28
6	MID  	2.8	2.2	5.4	4.7	5.1	4.1	4.9	5.8	1.6	5.7	8.4	11.5	 Index ---> 0.82
7	MID  	21.8	8.4	10.1	10.9	6.3	6.3	8.1	8.1	2.0	11.2	12.3	24.4	 Index ---> 1.51
8	SMALL	3.3	2.6	4.6	4.3	4.6	4.6	5.5	5.6	0.5	4.9	7.0	12.3	 Index ---> 0.93
9	RV   	5.1	3.0	4.0	3.6	2.6	3.5	3.7	4.0	2.9	3.6	7.6	12.1	 Index ---> 0.69
10	RV   	5.4	4.7	4.7	4.1	4.6	6.6	5.0	5.8	6.4	6.2	7.7	13.2	 Index ---> 0.89
11	RV   	10.9	9.9	10.7	13.0	12.5	19.5	12.9	3.8	4.2	6.6	9.1	13.1	 Index ---> 1.31
12	RV   	5.3	4.9	6.7	5.6	4.2	7.8	9.4	8.0	3.8	5.7	5.9	10.2	 Index ---> 0.79
13	MID  	4.3	3.9	7.1	5.9	6.9	5.6	7.0	7.9	7.0	10.1	11.4	14.1	 Index ---> 1.08
14	SMALL	3.2	2.7	4.4	4.5	4.6	4.7	5.5	5.6	0.5	4.9	6.9	12.5	 Index ---> 0.95
15	RV   	5.7	6.0	6.4	8.0	7.6	13.1	14.1	3.4	2.7	3.8	4.2	9.8	 Index ---> 0.99
16	MID  	3.7	4.2	4.1	3.7	3.9	4.0	4.5	3.8	3.6	6.0	6.0	8.3	 Index ---> 0.54
17	RV   	3.8	2.9	2.9	3.8	4.5	6.5	8.4	4.6	2.5	4.2	4.6	8.0	 Index ---> 0.74
18	RV   	5.4	5.0	6.8	5.6	4.1	7.7	9.6	7.9	3.9	5.6	5.9	10.5	 Index ---> 0.79
19	RV   	3.7	2.9	2.9	3.8	4.5	6.5	8.3	4.6	2.4	4.2	4.5	8.2	 Index ---> 0.75
20	MID  	6.2	6.0	10.2	4.9	6.3	5.5	8.9	6.8	2.1	7.3	12.7	19.1	 Index ---> 1.41
21	RV   	5.4	4.9	6.8	5.7	4.0	7.5	9.6	7.9	3.9	5.7	5.8	10.6	 Index ---> 0.79
22	RV   	5.3	3.1	4.2	3.6	2.6	3.5	3.7	4.1	2.9	3.6	7.4	11.9	 Index ---> 0.69
23	RV   	5.6	5.3	5.5	6.4	5.4	7.3	8.3	6.9	3.7	4.9	9.1	12.6	 Index ---> 1.08
24	RV   	5.2	3.1	4.2	3.6	2.6	3.6	3.9	4.0	2.9	3.7	7.5	11.8	 Index ---> 0.68
25	MID  	7.5	5.6	5.6	5.5	4.1	6.9	5.7	6.9	1.8	5.3	6.7	13.1	 Index ---> 0.66
26	MID  	2.8	2.1	5.4	4.8	4.9	4.2	5.1	5.9	1.6	5.8	8.3	11.6	 Index ---> 0.84
27	RV   	9.9	11.6	13.2	24.8	5.0	1.7	2.2	2.1	2.1	6.4	9.0	12.7	 Index ---> 2.06
28	RV   	6.3	4.1	4.9	4.8	3.3	3.6	5.0	4.8	1.8	3.9	5.7	8.4	 Index ---> 0.59
29	MID  	5.5	5.0	7.3	7.7	5.7	7.7	9.9	6.3	2.1	8.0	11.1	15.1	 Index ---> 1.19
30	SMALL	6.6	5.0	5.1	5.9	5.0	5.0	20.3	8.3	3.2	7.9	10.4	16.8	 Index ---> 2.13
31	RV   	10.9	10.1	10.6	12.8	12.8	19.2	13.1	3.7	4.1	6.7	9.2	13.1	 Index ---> 1.31

 ***** Memory Base Predictions ***** 

 ***** Using MODEL #  1 Predictions ***** 
1	SMALL	3.2	2.6	4.5	4.5	4.4	4.7	5.4	5.5	4.6	4.9	7.0	12.7	 Predict : 0.24	 Expected : 3.18	92.37%
2	SMALL	3.1	2.7	5.4	3.8	4.2	10.1	6.0	8.8	3.1	6.2	7.2	6.7	 Predict : 1.02	 Expected : 3.81	73.15%
3	SMALL	3.3	4.3	5.4	6.0	6.1	8.0	7.1	6.6	2.5	5.0	11.0	11.1	 Predict : 0.75	 Expected : 3.25	77.05%
4	SMALL	6.6	4.9	5.3	5.7	5.1	5.1	20.5	8.3	3.2	8.0	10.6	17.4	 Predict : 0.88	 Expected : 4.10	78.50%
5	MID  	3.8	4.3	4.1	3.6	3.9	4.0	4.4	3.8	3.7	5.8	6.1	8.0	 Predict : 0.20	 Expected : 2.52	91.87%
6	MID  	2.3	1.7	2.0	2.0	2.1	2.7	2.6	1.5	2.4	4.4	3.5	5.9	 Predict : 0.08	 Expected : 1.71	95.58%
7	MID  	7.4	5.6	5.6	5.7	4.1	6.7	5.8	7.0	1.8	5.1	6.8	13.3	 Predict : 0.76	 Expected : 1.90	60.19%
8	RV   	4.8	3.3	4.5	3.5	2.4	3.0	4.4	4.1	4.7	4.2	5.4	7.3	 Predict : 0.28	 Expected : 2.26	87.49%
9	RV   	5.0	4.6	4.8	4.6	3.7	4.0	5.7	8.2	3.9	6.3	10.2	12.9	 Predict : 0.42	 Expected : 3.60	88.20%
10	RV   	5.8	6.0	6.4	8.2	7.6	13.2	14.3	3.4	2.7	3.7	4.2	9.4	 Predict : 0.96	 Expected : 1.64	41.19%
11	RV   	3.7	2.9	2.9	3.9	4.4	6.7	8.1	4.4	2.5	4.1	4.4	8.3	 Predict : 0.45	 Expected : 2.88	84.52%

 ***** Using MODEL #  2 Predictions ***** 
1	SMALL	3.2	2.6	4.5	4.5	4.4	4.7	5.4	5.5	4.6	4.9	7.0	12.7	 Predict : 0.45	 Expected : 3.18	85.79%
2	SMALL	3.1	2.7	5.4	3.8	4.2	10.1	6.0	8.8	3.1	6.2	7.2	6.7	 Predict : 1.08	 Expected : 3.81	71.56%
3	SMALL	3.3	4.3	5.4	6.0	6.1	8.0	7.1	6.6	2.5	5.0	11.0	11.1	 Predict : 0.60	 Expected : 3.25	81.64%
4	SMALL	6.6	4.9	5.3	5.7	5.1	5.1	20.5	8.3	3.2	8.0	10.6	17.4	 Predict : 2.81	 Expected : 4.10	31.48%
5	MID  	3.8	4.3	4.1	3.6	3.9	4.0	4.4	3.8	3.7	5.8	6.1	8.0	 Predict : 0.38	 Expected : 2.52	84.73%
6	MID  	2.3	1.7	2.0	2.0	2.1	2.7	2.6	1.5	2.4	4.4	3.5	5.9	 Predict : 0.31	 Expected : 1.71	81.89%
7	MID  	7.4	5.6	5.6	5.7	4.1	6.7	5.8	7.0	1.8	5.1	6.8	13.3	 Predict : 0.52	 Expected : 1.90	72.55%
8	RV   	4.8	3.3	4.5	3.5	2.4	3.0	4.4	4.1	4.7	4.2	5.4	7.3	 Predict : 0.29	 Expected : 2.26	87.01%
9	RV   	5.0	4.6	4.8	4.6	3.7	4.0	5.7	8.2	3.9	6.3	10.2	12.9	 Predict : 0.52	 Expected : 3.60	85.49%
10	RV   	5.8	6.0	6.4	8.2	7.6	13.2	14.3	3.4	2.7	3.7	4.2	9.4	 Predict : 0.02	 Expected : 1.64	98.75%
11	RV   	3.7	2.9	2.9	3.9	4.4	6.7	8.1	4.4	2.5	4.1	4.4	8.3	 Predict : 0.55	 Expected : 2.88	80.96%

 ***** Using MODEL #  3 Predictions ***** 
1	SMALL	3.2	2.6	4.5	4.5	4.4	4.7	5.4	5.5	4.6	4.9	7.0	12.7	 Predict : -0.76	 Expected : 3.18	124.03%
2	SMALL	3.1	2.7	5.4	3.8	4.2	10.1	6.0	8.8	3.1	6.2	7.2	6.7	 Predict : -0.96	 Expected : 3.81	125.24%
3	SMALL	3.3	4.3	5.4	6.0	6.1	8.0	7.1	6.6	2.5	5.0	11.0	11.1	 Predict : -0.45	 Expected : 3.25	113.71%
4	SMALL	6.6	4.9	5.3	5.7	5.1	5.1	20.5	8.3	3.2	8.0	10.6	17.4	 Predict : -1.74	 Expected : 4.10	142.45%
5	MID  	3.8	4.3	4.1	3.6	3.9	4.0	4.4	3.8	3.7	5.8	6.1	8.0	 Predict : -0.81	 Expected : 2.52	132.06%
6	MID  	2.3	1.7	2.0	2.0	2.1	2.7	2.6	1.5	2.4	4.4	3.5	5.9	 Predict : -0.59	 Expected : 1.71	134.26%
7	MID  	7.4	5.6	5.6	5.7	4.1	6.7	5.8	7.0	1.8	5.1	6.8	13.3	 Predict : -1.22	 Expected : 1.90	164.47%
8	RV   	4.8	3.3	4.5	3.5	2.4	3.0	4.4	4.1	4.7	4.2	5.4	7.3	 Predict : -0.72	 Expected : 2.26	131.82%
9	RV   	5.0	4.6	4.8	4.6	3.7	4.0	5.7	8.2	3.9	6.3	10.2	12.9	 Predict : -0.86	 Expected : 3.60	123.81%
10	RV   	5.8	6.0	6.4	8.2	7.6	13.2	14.3	3.4	2.7	3.7	4.2	9.4	 Predict : -1.68	 Expected : 1.64	202.38%
11	RV   	3.7	2.9	2.9	3.9	4.4	6.7	8.1	4.4	2.5	4.1	4.4	8.3	 Predict : -1.05	 Expected : 2.88	136.36%

 ***** Using MODEL #  4 Predictions ***** 
1	SMALL	3.2	2.6	4.5	4.5	4.4	4.7	5.4	5.5	4.6	4.9	7.0	12.7	 Predict : 0.99	 Expected : 3.18	68.85%
2	SMALL	3.1	2.7	5.4	3.8	4.2	10.1	6.0	8.8	3.1	6.2	7.2	6.7	 Predict : 0.88	 Expected : 3.81	77.03%
3	SMALL	3.3	4.3	5.4	6.0	6.1	8.0	7.1	6.6	2.5	5.0	11.0	11.1	 Predict : 1.14	 Expected : 3.25	64.78%
4	SMALL	6.6	4.9	5.3	5.7	5.1	5.1	20.5	8.3	3.2	8.0	10.6	17.4	 Predict : 2.19	 Expected : 4.10	46.65%
5	MID  	3.8	4.3	4.1	3.6	3.9	4.0	4.4	3.8	3.7	5.8	6.1	8.0	 Predict : 0.53	 Expected : 2.52	79.02%
6	MID  	2.3	1.7	2.0	2.0	2.1	2.7	2.6	1.5	2.4	4.4	3.5	5.9	 Predict : 0.24	 Expected : 1.71	86.24%
7	MID  	7.4	5.6	5.6	5.7	4.1	6.7	5.8	7.0	1.8	5.1	6.8	13.3	 Predict : 0.69	 Expected : 1.90	63.49%
8	RV   	4.8	3.3	4.5	3.5	2.4	3.0	4.4	4.1	4.7	4.2	5.4	7.3	 Predict : 0.61	 Expected : 2.26	73.13%
9	RV   	5.0	4.6	4.8	4.6	3.7	4.0	5.7	8.2	3.9	6.3	10.2	12.9	 Predict : 0.77	 Expected : 3.60	78.53%
10	RV   	5.8	6.0	6.4	8.2	7.6	13.2	14.3	3.4	2.7	3.7	4.2	9.4	 Predict : 0.97	 Expected : 1.64	40.61%
11	RV   	3.7	2.9	2.9	3.9	4.4	6.7	8.1	4.4	2.5	4.1	4.4	8.3	 Predict : 0.75	 Expected : 2.88	73.99%


#0 Model Average Error : 	79.10%
#1 Model Average Error : 	78.35%
#2 Model Average Error : 	139.14%
#3 Model Average Error : 	68.39%

average_prediction : [0.23023877292871475, 0.5051058679819107, 0.5103902518749237, 1.0344660431146622, 0.07756171375513077, 0.008665293455123901, 0.1867164522409439, 0.11614347994327545, 0.21565836668014526, 0.06998986843973398, 0.17395833134651184]
average_err : [92.75978701482029, 86.74262813695772, 84.29568455769466, 74.76912089964239, 96.92215421606623, 99.49325769268282, 90.17281830310822, 94.8609079671117, 94.0094898144404, 95.73232509513817, 93.95978016157946]

Model #1 : rmse [2.80268] // loss [7.85503]
Model #2 : rmse [2.89405] // loss [8.37551]
Model #3 : rmse [4.44691] // loss [19.77500]
Model #4 : rmse [2.37528] // loss [5.64193]

Average RMSE for 4 Models : 3.12973
Average LOSS for 4 Models : 10.41187
Average ERROR for 4 Models : 91.247%

***************************************************
** Number of Models : 4
** Number of Epoch : 1
** Number of Shuffle [for DATA] : 256
** Save Check Point every 1000 steps
***************************************************

 ******************************************************** Total End of Job ******************************************************** 


        ************************************************** 
        *****      Prediction for BIW RoofCrush      ***** 
        *****             SUNGHUN, CHANG             ***** 
        *****       TensorFlow version : 1.7.0       ***** 
        ************************************************** 
                  RUN DATE : 2018-06-02 19:51:22


        ** Default PATH : ./
        ** TRAIN : ./dataset\20180430_RC_Populated_DATA_Isolated_Train_Random.csv
        ** TEST : ./dataset\IsolatedTEST_20180430_Random.csv

         -- Number of DNN Models     : 4
         -- Number of Train Epoch    : 500
         -- Train DATA Batch Size    : 32
         -- Train DATA Shuffle Count : 256
         -- Check Point File Count   : 10
         -- Check Point Saving / Custom Logging Every 1000 Steps
         -- Display Weight and Bias  : False


MODEL #1 TRAINING IS DONE NORMALLY
MODEL #2 TRAINING IS DONE NORMALLY
MODEL #3 TRAINING IS DONE NORMALLY
MODEL #4 TRAINING IS DONE NORMALLY

*********************************
Evaluation results of 1st MODEL
   loss ---> 0.006589643191546202
   accuracy ---> 1.0
   global_step ---> 5622
   rmse ---> 0.08117661625146866
*********************************

*********************************
Evaluation results of 1st MODEL
   loss ---> 0.004480679053813219
   accuracy ---> 1.0
   global_step ---> 5622
   rmse ---> 0.0669378712773323
*********************************

*********************************
Evaluation results of 1st MODEL
   loss ---> 0.007629806641489267
   accuracy ---> 1.0
   global_step ---> 5622
   rmse ---> 0.08734876662492752
*********************************

*********************************
Evaluation results of 1st MODEL
   loss ---> 0.003462067572399974
   accuracy ---> 1.0
   global_step ---> 5622
   rmse ---> 0.0588393360376358
*********************************

 ***** Prediction on test file ***** 
 *****        1st MODEL        ***** 
1	SMALL	2.0	3.1	2.2	2.2	3.2	3.1	3.8	3.8	0.6	3.8	4.6	7.8	 Index ---> 3.66
2	SMALL	3.9	2.9	6.2	4.2	4.2	6.0	5.1	5.1	6.8	4.6	5.7	11.9	 Index ---> 3.59
3	RV   	5.9	5.4	5.5	6.2	5.6	7.2	8.0	6.8	3.7	4.8	9.3	12.3	 Index ---> 3.96
4	SMALL	5.8	5.0	5.3	5.4	5.1	5.1	7.5	8.8	2.9	8.4	9.4	10.6	 Index ---> 3.79
5	RV   	11.1	10.1	10.5	12.7	12.6	19.1	12.8	3.7	4.1	6.7	9.1	13.2	 Index ---> 3.74
6	MID  	2.8	2.2	5.4	4.7	5.1	4.1	4.9	5.8	1.6	5.7	8.4	11.5	 Index ---> 1.96
7	MID  	21.8	8.4	10.1	10.9	6.3	6.3	8.1	8.1	2.0	11.2	12.3	24.4	 Index ---> 3.78
8	SMALL	3.3	2.6	4.6	4.3	4.6	4.6	5.5	5.6	0.5	4.9	7.0	12.3	 Index ---> 3.25
9	RV   	5.1	3.0	4.0	3.6	2.6	3.5	3.7	4.0	2.9	3.6	7.6	12.1	 Index ---> 1.70
10	RV   	5.4	4.7	4.7	4.1	4.6	6.6	5.0	5.8	6.4	6.2	7.7	13.2	 Index ---> 3.94
11	RV   	10.9	9.9	10.7	13.0	12.5	19.5	12.9	3.8	4.2	6.6	9.1	13.1	 Index ---> 3.76
12	RV   	5.3	4.9	6.7	5.6	4.2	7.8	9.4	8.0	3.8	5.7	5.9	10.2	 Index ---> 4.75
13	MID  	4.3	3.9	7.1	5.9	6.9	5.6	7.0	7.9	7.0	10.1	11.4	14.1	 Index ---> 3.33
14	SMALL	3.2	2.7	4.4	4.5	4.6	4.7	5.5	5.6	0.5	4.9	6.9	12.5	 Index ---> 3.23
15	RV   	5.7	6.0	6.4	8.0	7.6	13.1	14.1	3.4	2.7	3.8	4.2	9.8	 Index ---> 1.69
16	MID  	3.7	4.2	4.1	3.7	3.9	4.0	4.5	3.8	3.6	6.0	6.0	8.3	 Index ---> 2.53
17	RV   	3.8	2.9	2.9	3.8	4.5	6.5	8.4	4.6	2.5	4.2	4.6	8.0	 Index ---> 2.77
18	RV   	5.4	5.0	6.8	5.6	4.1	7.7	9.6	7.9	3.9	5.6	5.9	10.5	 Index ---> 4.76
19	RV   	3.7	2.9	2.9	3.8	4.5	6.5	8.3	4.6	2.4	4.2	4.5	8.2	 Index ---> 2.77
20	MID  	6.2	6.0	10.2	4.9	6.3	5.5	8.9	6.8	2.1	7.3	12.7	19.1	 Index ---> 3.87
21	RV   	5.4	4.9	6.8	5.7	4.0	7.5	9.6	7.9	3.9	5.7	5.8	10.6	 Index ---> 4.76
22	RV   	5.3	3.1	4.2	3.6	2.6	3.5	3.7	4.1	2.9	3.6	7.4	11.9	 Index ---> 1.70
23	RV   	5.6	5.3	5.5	6.4	5.4	7.3	8.3	6.9	3.7	4.9	9.1	12.6	 Index ---> 3.98
24	RV   	5.2	3.1	4.2	3.6	2.6	3.6	3.9	4.0	2.9	3.7	7.5	11.8	 Index ---> 1.71
25	MID  	7.5	5.6	5.6	5.5	4.1	6.9	5.7	6.9	1.8	5.3	6.7	13.1	 Index ---> 1.92
26	MID  	2.8	2.1	5.4	4.8	4.9	4.2	5.1	5.9	1.6	5.8	8.3	11.6	 Index ---> 1.94
27	RV   	9.9	11.6	13.2	24.8	5.0	1.7	2.2	2.1	2.1	6.4	9.0	12.7	 Index ---> 3.37
28	RV   	6.3	4.1	4.9	4.8	3.3	3.6	5.0	4.8	1.8	3.9	5.7	8.4	 Index ---> 3.08
29	MID  	5.5	5.0	7.3	7.7	5.7	7.7	9.9	6.3	2.1	8.0	11.1	15.1	 Index ---> 3.23
30	SMALL	6.6	5.0	5.1	5.9	5.0	5.0	20.3	8.3	3.2	7.9	10.4	16.8	 Index ---> 4.04
31	RV   	10.9	10.1	10.6	12.8	12.8	19.2	13.1	3.7	4.1	6.7	9.2	13.1	 Index ---> 3.74

 ***** Prediction on test file ***** 
 *****        2st MODEL        ***** 
1	SMALL	2.0	3.1	2.2	2.2	3.2	3.1	3.8	3.8	0.6	3.8	4.6	7.8	 Index ---> 3.61
2	SMALL	3.9	2.9	6.2	4.2	4.2	6.0	5.1	5.1	6.8	4.6	5.7	11.9	 Index ---> 3.50
3	RV   	5.9	5.4	5.5	6.2	5.6	7.2	8.0	6.8	3.7	4.8	9.3	12.3	 Index ---> 3.85
4	SMALL	5.8	5.0	5.3	5.4	5.1	5.1	7.5	8.8	2.9	8.4	9.4	10.6	 Index ---> 3.75
5	RV   	11.1	10.1	10.5	12.7	12.6	19.1	12.8	3.7	4.1	6.7	9.1	13.2	 Index ---> 3.79
6	MID  	2.8	2.2	5.4	4.7	5.1	4.1	4.9	5.8	1.6	5.7	8.4	11.5	 Index ---> 1.89
7	MID  	21.8	8.4	10.1	10.9	6.3	6.3	8.1	8.1	2.0	11.2	12.3	24.4	 Index ---> 3.80
8	SMALL	3.3	2.6	4.6	4.3	4.6	4.6	5.5	5.6	0.5	4.9	7.0	12.3	 Index ---> 3.24
9	RV   	5.1	3.0	4.0	3.6	2.6	3.5	3.7	4.0	2.9	3.6	7.6	12.1	 Index ---> 1.86
10	RV   	5.4	4.7	4.7	4.1	4.6	6.6	5.0	5.8	6.4	6.2	7.7	13.2	 Index ---> 3.90
11	RV   	10.9	9.9	10.7	13.0	12.5	19.5	12.9	3.8	4.2	6.6	9.1	13.1	 Index ---> 3.76
12	RV   	5.3	4.9	6.7	5.6	4.2	7.8	9.4	8.0	3.8	5.7	5.9	10.2	 Index ---> 4.66
13	MID  	4.3	3.9	7.1	5.9	6.9	5.6	7.0	7.9	7.0	10.1	11.4	14.1	 Index ---> 3.32
14	SMALL	3.2	2.7	4.4	4.5	4.6	4.7	5.5	5.6	0.5	4.9	6.9	12.5	 Index ---> 3.25
15	RV   	5.7	6.0	6.4	8.0	7.6	13.1	14.1	3.4	2.7	3.8	4.2	9.8	 Index ---> 1.59
16	MID  	3.7	4.2	4.1	3.7	3.9	4.0	4.5	3.8	3.6	6.0	6.0	8.3	 Index ---> 2.50
17	RV   	3.8	2.9	2.9	3.8	4.5	6.5	8.4	4.6	2.5	4.2	4.6	8.0	 Index ---> 2.82
18	RV   	5.4	5.0	6.8	5.6	4.1	7.7	9.6	7.9	3.9	5.6	5.9	10.5	 Index ---> 4.65
19	RV   	3.7	2.9	2.9	3.8	4.5	6.5	8.3	4.6	2.4	4.2	4.5	8.2	 Index ---> 2.81
20	MID  	6.2	6.0	10.2	4.9	6.3	5.5	8.9	6.8	2.1	7.3	12.7	19.1	 Index ---> 3.84
21	RV   	5.4	4.9	6.8	5.7	4.0	7.5	9.6	7.9	3.9	5.7	5.8	10.6	 Index ---> 4.67
22	RV   	5.3	3.1	4.2	3.6	2.6	3.5	3.7	4.1	2.9	3.6	7.4	11.9	 Index ---> 1.85
23	RV   	5.6	5.3	5.5	6.4	5.4	7.3	8.3	6.9	3.7	4.9	9.1	12.6	 Index ---> 3.85
24	RV   	5.2	3.1	4.2	3.6	2.6	3.6	3.9	4.0	2.9	3.7	7.5	11.8	 Index ---> 1.88
25	MID  	7.5	5.6	5.6	5.5	4.1	6.9	5.7	6.9	1.8	5.3	6.7	13.1	 Index ---> 1.90
26	MID  	2.8	2.1	5.4	4.8	4.9	4.2	5.1	5.9	1.6	5.8	8.3	11.6	 Index ---> 1.94
27	RV   	9.9	11.6	13.2	24.8	5.0	1.7	2.2	2.1	2.1	6.4	9.0	12.7	 Index ---> 3.22
28	RV   	6.3	4.1	4.9	4.8	3.3	3.6	5.0	4.8	1.8	3.9	5.7	8.4	 Index ---> 3.06
29	MID  	5.5	5.0	7.3	7.7	5.7	7.7	9.9	6.3	2.1	8.0	11.1	15.1	 Index ---> 3.27
30	SMALL	6.6	5.0	5.1	5.9	5.0	5.0	20.3	8.3	3.2	7.9	10.4	16.8	 Index ---> 3.95
31	RV   	10.9	10.1	10.6	12.8	12.8	19.2	13.1	3.7	4.1	6.7	9.2	13.1	 Index ---> 3.81

 ***** Prediction on test file ***** 
 *****        3st MODEL        ***** 
1	SMALL	2.0	3.1	2.2	2.2	3.2	3.1	3.8	3.8	0.6	3.8	4.6	7.8	 Index ---> 3.69
2	SMALL	3.9	2.9	6.2	4.2	4.2	6.0	5.1	5.1	6.8	4.6	5.7	11.9	 Index ---> 3.70
3	RV   	5.9	5.4	5.5	6.2	5.6	7.2	8.0	6.8	3.7	4.8	9.3	12.3	 Index ---> 3.90
4	SMALL	5.8	5.0	5.3	5.4	5.1	5.1	7.5	8.8	2.9	8.4	9.4	10.6	 Index ---> 3.85
5	RV   	11.1	10.1	10.5	12.7	12.6	19.1	12.8	3.7	4.1	6.7	9.1	13.2	 Index ---> 3.63
6	MID  	2.8	2.2	5.4	4.7	5.1	4.1	4.9	5.8	1.6	5.7	8.4	11.5	 Index ---> 2.09
7	MID  	21.8	8.4	10.1	10.9	6.3	6.3	8.1	8.1	2.0	11.2	12.3	24.4	 Index ---> 3.89
8	SMALL	3.3	2.6	4.6	4.3	4.6	4.6	5.5	5.6	0.5	4.9	7.0	12.3	 Index ---> 3.28
9	RV   	5.1	3.0	4.0	3.6	2.6	3.5	3.7	4.0	2.9	3.6	7.6	12.1	 Index ---> 1.82
10	RV   	5.4	4.7	4.7	4.1	4.6	6.6	5.0	5.8	6.4	6.2	7.7	13.2	 Index ---> 3.99
11	RV   	10.9	9.9	10.7	13.0	12.5	19.5	12.9	3.8	4.2	6.6	9.1	13.1	 Index ---> 3.62
12	RV   	5.3	4.9	6.7	5.6	4.2	7.8	9.4	8.0	3.8	5.7	5.9	10.2	 Index ---> 4.73
13	MID  	4.3	3.9	7.1	5.9	6.9	5.6	7.0	7.9	7.0	10.1	11.4	14.1	 Index ---> 3.31
14	SMALL	3.2	2.7	4.4	4.5	4.6	4.7	5.5	5.6	0.5	4.9	6.9	12.5	 Index ---> 3.28
15	RV   	5.7	6.0	6.4	8.0	7.6	13.1	14.1	3.4	2.7	3.8	4.2	9.8	 Index ---> 1.67
16	MID  	3.7	4.2	4.1	3.7	3.9	4.0	4.5	3.8	3.6	6.0	6.0	8.3	 Index ---> 2.71
17	RV   	3.8	2.9	2.9	3.8	4.5	6.5	8.4	4.6	2.5	4.2	4.6	8.0	 Index ---> 2.86
18	RV   	5.4	5.0	6.8	5.6	4.1	7.7	9.6	7.9	3.9	5.6	5.9	10.5	 Index ---> 4.76
19	RV   	3.7	2.9	2.9	3.8	4.5	6.5	8.3	4.6	2.4	4.2	4.5	8.2	 Index ---> 2.85
20	MID  	6.2	6.0	10.2	4.9	6.3	5.5	8.9	6.8	2.1	7.3	12.7	19.1	 Index ---> 3.79
21	RV   	5.4	4.9	6.8	5.7	4.0	7.5	9.6	7.9	3.9	5.7	5.8	10.6	 Index ---> 4.77
22	RV   	5.3	3.1	4.2	3.6	2.6	3.5	3.7	4.1	2.9	3.6	7.4	11.9	 Index ---> 1.82
23	RV   	5.6	5.3	5.5	6.4	5.4	7.3	8.3	6.9	3.7	4.9	9.1	12.6	 Index ---> 3.89
24	RV   	5.2	3.1	4.2	3.6	2.6	3.6	3.9	4.0	2.9	3.7	7.5	11.8	 Index ---> 1.84
25	MID  	7.5	5.6	5.6	5.5	4.1	6.9	5.7	6.9	1.8	5.3	6.7	13.1	 Index ---> 1.92
26	MID  	2.8	2.1	5.4	4.8	4.9	4.2	5.1	5.9	1.6	5.8	8.3	11.6	 Index ---> 2.12
27	RV   	9.9	11.6	13.2	24.8	5.0	1.7	2.2	2.1	2.1	6.4	9.0	12.7	 Index ---> 3.19
28	RV   	6.3	4.1	4.9	4.8	3.3	3.6	5.0	4.8	1.8	3.9	5.7	8.4	 Index ---> 3.12
29	MID  	5.5	5.0	7.3	7.7	5.7	7.7	9.9	6.3	2.1	8.0	11.1	15.1	 Index ---> 3.31
30	SMALL	6.6	5.0	5.1	5.9	5.0	5.0	20.3	8.3	3.2	7.9	10.4	16.8	 Index ---> 4.08
31	RV   	10.9	10.1	10.6	12.8	12.8	19.2	13.1	3.7	4.1	6.7	9.2	13.1	 Index ---> 3.63

 ***** Prediction on test file ***** 
 *****        4st MODEL        ***** 
1	SMALL	2.0	3.1	2.2	2.2	3.2	3.1	3.8	3.8	0.6	3.8	4.6	7.8	 Index ---> 3.53
2	SMALL	3.9	2.9	6.2	4.2	4.2	6.0	5.1	5.1	6.8	4.6	5.7	11.9	 Index ---> 3.49
3	RV   	5.9	5.4	5.5	6.2	5.6	7.2	8.0	6.8	3.7	4.8	9.3	12.3	 Index ---> 3.89
4	SMALL	5.8	5.0	5.3	5.4	5.1	5.1	7.5	8.8	2.9	8.4	9.4	10.6	 Index ---> 3.80
5	RV   	11.1	10.1	10.5	12.7	12.6	19.1	12.8	3.7	4.1	6.7	9.1	13.2	 Index ---> 3.76
6	MID  	2.8	2.2	5.4	4.7	5.1	4.1	4.9	5.8	1.6	5.7	8.4	11.5	 Index ---> 2.01
7	MID  	21.8	8.4	10.1	10.9	6.3	6.3	8.1	8.1	2.0	11.2	12.3	24.4	 Index ---> 3.82
8	SMALL	3.3	2.6	4.6	4.3	4.6	4.6	5.5	5.6	0.5	4.9	7.0	12.3	 Index ---> 3.23
9	RV   	5.1	3.0	4.0	3.6	2.6	3.5	3.7	4.0	2.9	3.6	7.6	12.1	 Index ---> 1.79
10	RV   	5.4	4.7	4.7	4.1	4.6	6.6	5.0	5.8	6.4	6.2	7.7	13.2	 Index ---> 3.88
11	RV   	10.9	9.9	10.7	13.0	12.5	19.5	12.9	3.8	4.2	6.6	9.1	13.1	 Index ---> 3.77
12	RV   	5.3	4.9	6.7	5.6	4.2	7.8	9.4	8.0	3.8	5.7	5.9	10.2	 Index ---> 4.69
13	MID  	4.3	3.9	7.1	5.9	6.9	5.6	7.0	7.9	7.0	10.1	11.4	14.1	 Index ---> 3.37
14	SMALL	3.2	2.7	4.4	4.5	4.6	4.7	5.5	5.6	0.5	4.9	6.9	12.5	 Index ---> 3.20
15	RV   	5.7	6.0	6.4	8.0	7.6	13.1	14.1	3.4	2.7	3.8	4.2	9.8	 Index ---> 1.71
16	MID  	3.7	4.2	4.1	3.7	3.9	4.0	4.5	3.8	3.6	6.0	6.0	8.3	 Index ---> 2.53
17	RV   	3.8	2.9	2.9	3.8	4.5	6.5	8.4	4.6	2.5	4.2	4.6	8.0	 Index ---> 2.79
18	RV   	5.4	5.0	6.8	5.6	4.1	7.7	9.6	7.9	3.9	5.6	5.9	10.5	 Index ---> 4.70
19	RV   	3.7	2.9	2.9	3.8	4.5	6.5	8.3	4.6	2.4	4.2	4.5	8.2	 Index ---> 2.82
20	MID  	6.2	6.0	10.2	4.9	6.3	5.5	8.9	6.8	2.1	7.3	12.7	19.1	 Index ---> 3.79
21	RV   	5.4	4.9	6.8	5.7	4.0	7.5	9.6	7.9	3.9	5.7	5.8	10.6	 Index ---> 4.70
22	RV   	5.3	3.1	4.2	3.6	2.6	3.5	3.7	4.1	2.9	3.6	7.4	11.9	 Index ---> 1.81
23	RV   	5.6	5.3	5.5	6.4	5.4	7.3	8.3	6.9	3.7	4.9	9.1	12.6	 Index ---> 3.87
24	RV   	5.2	3.1	4.2	3.6	2.6	3.6	3.9	4.0	2.9	3.7	7.5	11.8	 Index ---> 1.80
25	MID  	7.5	5.6	5.6	5.5	4.1	6.9	5.7	6.9	1.8	5.3	6.7	13.1	 Index ---> 1.91
26	MID  	2.8	2.1	5.4	4.8	4.9	4.2	5.1	5.9	1.6	5.8	8.3	11.6	 Index ---> 2.02
27	RV   	9.9	11.6	13.2	24.8	5.0	1.7	2.2	2.1	2.1	6.4	9.0	12.7	 Index ---> 3.13
28	RV   	6.3	4.1	4.9	4.8	3.3	3.6	5.0	4.8	1.8	3.9	5.7	8.4	 Index ---> 3.09
29	MID  	5.5	5.0	7.3	7.7	5.7	7.7	9.9	6.3	2.1	8.0	11.1	15.1	 Index ---> 3.29
30	SMALL	6.6	5.0	5.1	5.9	5.0	5.0	20.3	8.3	3.2	7.9	10.4	16.8	 Index ---> 3.97
31	RV   	10.9	10.1	10.6	12.8	12.8	19.2	13.1	3.7	4.1	6.7	9.2	13.1	 Index ---> 3.72

 ***** Memory Base Predictions ***** 

 ***** Using MODEL #  1 Predictions ***** 
1	SMALL	3.2	2.6	4.5	4.5	4.4	4.7	5.4	5.5	4.6	4.9	7.0	12.7	 Predict : 3.61	 Expected : 3.18	13.47%
2	SMALL	3.1	2.7	5.4	3.8	4.2	10.1	6.0	8.8	3.1	6.2	7.2	6.7	 Predict : 3.84	 Expected : 3.81	0.80%
3	SMALL	3.3	4.3	5.4	6.0	6.1	8.0	7.1	6.6	2.5	5.0	11.0	11.1	 Predict : 3.29	 Expected : 3.25	1.34%
4	SMALL	6.6	4.9	5.3	5.7	5.1	5.1	20.5	8.3	3.2	8.0	10.6	17.4	 Predict : 4.04	 Expected : 4.10	1.57%
5	MID  	3.8	4.3	4.1	3.6	3.9	4.0	4.4	3.8	3.7	5.8	6.1	8.0	 Predict : 2.60	 Expected : 2.52	3.33%
6	MID  	2.3	1.7	2.0	2.0	2.1	2.7	2.6	1.5	2.4	4.4	3.5	5.9	 Predict : 1.77	 Expected : 1.71	3.38%
7	MID  	7.4	5.6	5.6	5.7	4.1	6.7	5.8	7.0	1.8	5.1	6.8	13.3	 Predict : 1.93	 Expected : 1.90	1.35%
8	RV   	4.8	3.3	4.5	3.5	2.4	3.0	4.4	4.1	4.7	4.2	5.4	7.3	 Predict : 2.23	 Expected : 2.26	1.48%
9	RV   	5.0	4.6	4.8	4.6	3.7	4.0	5.7	8.2	3.9	6.3	10.2	12.9	 Predict : 3.65	 Expected : 3.60	1.35%
10	RV   	5.8	6.0	6.4	8.2	7.6	13.2	14.3	3.4	2.7	3.7	4.2	9.4	 Predict : 1.68	 Expected : 1.64	2.22%
11	RV   	3.7	2.9	2.9	3.9	4.4	6.7	8.1	4.4	2.5	4.1	4.4	8.3	 Predict : 2.81	 Expected : 2.88	2.48%

 ***** Using MODEL #  2 Predictions ***** 
1	SMALL	3.2	2.6	4.5	4.5	4.4	4.7	5.4	5.5	4.6	4.9	7.0	12.7	 Predict : 3.40	 Expected : 3.18	6.98%
2	SMALL	3.1	2.7	5.4	3.8	4.2	10.1	6.0	8.8	3.1	6.2	7.2	6.7	 Predict : 3.78	 Expected : 3.81	0.90%
3	SMALL	3.3	4.3	5.4	6.0	6.1	8.0	7.1	6.6	2.5	5.0	11.0	11.1	 Predict : 3.25	 Expected : 3.25	0.13%
4	SMALL	6.6	4.9	5.3	5.7	5.1	5.1	20.5	8.3	3.2	8.0	10.6	17.4	 Predict : 3.96	 Expected : 4.10	3.53%
5	MID  	3.8	4.3	4.1	3.6	3.9	4.0	4.4	3.8	3.7	5.8	6.1	8.0	 Predict : 2.50	 Expected : 2.52	0.61%
6	MID  	2.3	1.7	2.0	2.0	2.1	2.7	2.6	1.5	2.4	4.4	3.5	5.9	 Predict : 1.65	 Expected : 1.71	3.25%
7	MID  	7.4	5.6	5.6	5.7	4.1	6.7	5.8	7.0	1.8	5.1	6.8	13.3	 Predict : 1.92	 Expected : 1.90	1.01%
8	RV   	4.8	3.3	4.5	3.5	2.4	3.0	4.4	4.1	4.7	4.2	5.4	7.3	 Predict : 2.26	 Expected : 2.26	0.01%
9	RV   	5.0	4.6	4.8	4.6	3.7	4.0	5.7	8.2	3.9	6.3	10.2	12.9	 Predict : 3.67	 Expected : 3.60	1.99%
10	RV   	5.8	6.0	6.4	8.2	7.6	13.2	14.3	3.4	2.7	3.7	4.2	9.4	 Predict : 1.60	 Expected : 1.64	2.51%
11	RV   	3.7	2.9	2.9	3.9	4.4	6.7	8.1	4.4	2.5	4.1	4.4	8.3	 Predict : 2.80	 Expected : 2.88	2.84%

 ***** Using MODEL #  3 Predictions ***** 
1	SMALL	3.2	2.6	4.5	4.5	4.4	4.7	5.4	5.5	4.6	4.9	7.0	12.7	 Predict : 3.53	 Expected : 3.18	10.86%
2	SMALL	3.1	2.7	5.4	3.8	4.2	10.1	6.0	8.8	3.1	6.2	7.2	6.7	 Predict : 3.85	 Expected : 3.81	1.09%
3	SMALL	3.3	4.3	5.4	6.0	6.1	8.0	7.1	6.6	2.5	5.0	11.0	11.1	 Predict : 3.31	 Expected : 3.25	1.95%
4	SMALL	6.6	4.9	5.3	5.7	5.1	5.1	20.5	8.3	3.2	8.0	10.6	17.4	 Predict : 4.08	 Expected : 4.10	0.50%
5	MID  	3.8	4.3	4.1	3.6	3.9	4.0	4.4	3.8	3.7	5.8	6.1	8.0	 Predict : 2.66	 Expected : 2.52	5.70%
6	MID  	2.3	1.7	2.0	2.0	2.1	2.7	2.6	1.5	2.4	4.4	3.5	5.9	 Predict : 1.92	 Expected : 1.71	12.28%
7	MID  	7.4	5.6	5.6	5.7	4.1	6.7	5.8	7.0	1.8	5.1	6.8	13.3	 Predict : 1.92	 Expected : 1.90	0.86%
8	RV   	4.8	3.3	4.5	3.5	2.4	3.0	4.4	4.1	4.7	4.2	5.4	7.3	 Predict : 2.46	 Expected : 2.26	8.88%
9	RV   	5.0	4.6	4.8	4.6	3.7	4.0	5.7	8.2	3.9	6.3	10.2	12.9	 Predict : 3.69	 Expected : 3.60	2.48%
10	RV   	5.8	6.0	6.4	8.2	7.6	13.2	14.3	3.4	2.7	3.7	4.2	9.4	 Predict : 1.66	 Expected : 1.64	0.99%
11	RV   	3.7	2.9	2.9	3.9	4.4	6.7	8.1	4.4	2.5	4.1	4.4	8.3	 Predict : 2.87	 Expected : 2.88	0.23%

 ***** Using MODEL #  4 Predictions ***** 
1	SMALL	3.2	2.6	4.5	4.5	4.4	4.7	5.4	5.5	4.6	4.9	7.0	12.7	 Predict : 3.37	 Expected : 3.18	6.09%
2	SMALL	3.1	2.7	5.4	3.8	4.2	10.1	6.0	8.8	3.1	6.2	7.2	6.7	 Predict : 3.80	 Expected : 3.81	0.26%
3	SMALL	3.3	4.3	5.4	6.0	6.1	8.0	7.1	6.6	2.5	5.0	11.0	11.1	 Predict : 3.22	 Expected : 3.25	1.00%
4	SMALL	6.6	4.9	5.3	5.7	5.1	5.1	20.5	8.3	3.2	8.0	10.6	17.4	 Predict : 3.96	 Expected : 4.10	3.31%
5	MID  	3.8	4.3	4.1	3.6	3.9	4.0	4.4	3.8	3.7	5.8	6.1	8.0	 Predict : 2.52	 Expected : 2.52	0.16%
6	MID  	2.3	1.7	2.0	2.0	2.1	2.7	2.6	1.5	2.4	4.4	3.5	5.9	 Predict : 1.70	 Expected : 1.71	0.48%
7	MID  	7.4	5.6	5.6	5.7	4.1	6.7	5.8	7.0	1.8	5.1	6.8	13.3	 Predict : 1.89	 Expected : 1.90	0.56%
8	RV   	4.8	3.3	4.5	3.5	2.4	3.0	4.4	4.1	4.7	4.2	5.4	7.3	 Predict : 2.27	 Expected : 2.26	0.64%
9	RV   	5.0	4.6	4.8	4.6	3.7	4.0	5.7	8.2	3.9	6.3	10.2	12.9	 Predict : 3.58	 Expected : 3.60	0.54%
10	RV   	5.8	6.0	6.4	8.2	7.6	13.2	14.3	3.4	2.7	3.7	4.2	9.4	 Predict : 1.60	 Expected : 1.64	2.59%
11	RV   	3.7	2.9	2.9	3.9	4.4	6.7	8.1	4.4	2.5	4.1	4.4	8.3	 Predict : 2.83	 Expected : 2.88	1.84%


#0 Model Average Error : 	2.98%
#1 Model Average Error : 	2.16%
#2 Model Average Error : 	4.16%
#3 Model Average Error : 	1.59%

average_prediction : [3.4773168563842773, 3.816963791847229, 3.267480969429016, 4.008670091629028, 2.574012815952301, 1.7610230445861816, 1.9126219749450684, 2.3053712844848633, 3.647445499897003, 1.6322681903839111, 2.826879560947418]
average_err : [9.349586678750853, 0.18277668890364698, 0.5378759824312651, 2.2275587407553985, 2.143365712392897, 2.9838037769696886, 0.6643144707930763, 2.0075789595072346, 1.31793055269453, 0.4714518058590713, 1.8444596893257528]

Model #1 : rmse [0.08118] // loss [0.00659]
Model #2 : rmse [0.06694] // loss [0.00448]
Model #3 : rmse [0.08735] // loss [0.00763]
Model #4 : rmse [0.05884] // loss [0.00346]

Average RMSE for 4 Models : 0.07358
Average LOSS for 4 Models : 0.00554
Average ERROR for 4 Models : 2.157%

***************************************************
** Number of Models : 4
** Number of Epoch : 500
** Number of Shuffle [for DATA] : 256
** Save Check Point every 1000 steps
***************************************************

 ******************************************************** Total End of Job ******************************************************** 

